[debug] [2022-11-08T17:46:01.506Z] ----------------------------------------------------------------------
[debug] [2022-11-08T17:46:01.509Z] Command:       C:\Program Files\nodejs\node.exe C:\Program Files\nodejs\node_modules\firebase-tools\lib\bin\firebase.js init
[debug] [2022-11-08T17:46:01.510Z] CLI Version:   10.6.0
[debug] [2022-11-08T17:46:01.510Z] Platform:      win32
[debug] [2022-11-08T17:46:01.510Z] Node Version:  v14.15.1
[debug] [2022-11-08T17:46:01.511Z] Time:          Tue Nov 08 2022 17:46:01 GMT+0000 (Horário do Meridiano de Greenwich)
[debug] [2022-11-08T17:46:01.512Z] ----------------------------------------------------------------------
[debug] 
[debug] [2022-11-08T17:46:01.524Z] >>> [apiv2][query] GET https://firebase-public.firebaseio.com/cli.json [none]
[debug] [2022-11-08T17:46:01.694Z] > command requires scopes: ["email","openid","https://www.googleapis.com/auth/cloudplatformprojects.readonly","https://www.googleapis.com/auth/firebase","https://www.googleapis.com/auth/cloud-platform"]
[debug] [2022-11-08T17:46:01.695Z] > authorizing via signed-in user (arturcmjr@gmail.com)
[info] 
     ######## #### ########  ######## ########     ###     ######  ########
     ##        ##  ##     ## ##       ##     ##  ##   ##  ##       ##
     ######    ##  ########  ######   ########  #########  ######  ######
     ##        ##  ##    ##  ##       ##     ## ##     ##       ## ##
     ##       #### ##     ## ######## ########  ##     ##  ######  ########

You're about to initialize a Firebase project in this directory:

  D:\React\arju-page

Before we get started, keep in mind:

  * You are initializing within an existing Firebase project directory

[debug] [2022-11-08T17:46:02.365Z] <<< [apiv2][status] GET https://firebase-public.firebaseio.com/cli.json 200
[debug] [2022-11-08T17:46:02.365Z] <<< [apiv2][body] GET https://firebase-public.firebaseio.com/cli.json {"cloudBuildErrorAfter":1594252800000,"cloudBuildWarnAfter":1590019200000,"defaultNode10After":1594252800000,"minVersion":"3.0.5","node8DeploysDisabledAfter":1613390400000,"node8RuntimeDisabledAfter":1615809600000,"node8WarnAfter":1600128000000}
